<?xml version="1.0" encoding="UTF-8"?>
<testng-results total="1" passed="1" failed="0" skipped="0">
  <reporter-output>
  </reporter-output>
  <suite started-at="2024-09-16T20:54:24Z" name="Surefire suite" finished-at="2024-09-16T20:54:24Z" duration-ms="48">
    <groups>
    </groups>
    <test started-at="2024-09-16T20:54:24Z" name="Surefire test" finished-at="2024-09-16T20:54:24Z" duration-ms="48">
      <class name="test.com.itexps.CalculatorTest">
        <test-method is-config="true" signature="setUpClass()[pri:0, instance:test.com.itexps.CalculatorTest@57f23557]" started-at="2024-09-16T15:54:24Z" name="setUpClass" finished-at="2024-09-16T15:54:24Z" duration-ms="17" status="PASS">
          <reporter-output>
          </reporter-output>
        </test-method> <!-- setUpClass -->
        <test-method is-config="true" signature="setUpMethod()[pri:0, instance:test.com.itexps.CalculatorTest@57f23557]" started-at="2024-09-16T15:54:24Z" name="setUpMethod" finished-at="2024-09-16T15:54:24Z" duration-ms="4" status="PASS">
          <reporter-output>
          </reporter-output>
        </test-method> <!-- setUpMethod -->
        <test-method signature="testAdd()[pri:0, instance:test.com.itexps.CalculatorTest@57f23557]" started-at="2024-09-16T15:54:24Z" name="testAdd" finished-at="2024-09-16T15:54:24Z" duration-ms="9" status="PASS">
          <reporter-output>
          </reporter-output>
        </test-method> <!-- testAdd -->
        <test-method is-config="true" signature="tearDownMethod()[pri:0, instance:test.com.itexps.CalculatorTest@57f23557]" started-at="2024-09-16T15:54:24Z" name="tearDownMethod" finished-at="2024-09-16T15:54:24Z" duration-ms="1" status="PASS">
          <reporter-output>
          </reporter-output>
        </test-method> <!-- tearDownMethod -->
        <test-method is-config="true" signature="tearDownClass()[pri:0, instance:test.com.itexps.CalculatorTest@57f23557]" started-at="2024-09-16T15:54:24Z" name="tearDownClass" finished-at="2024-09-16T15:54:24Z" duration-ms="0" status="PASS">
          <reporter-output>
          </reporter-output>
        </test-method> <!-- tearDownClass -->
      </class> <!-- test.com.itexps.CalculatorTest -->
    </test> <!-- Surefire test -->
  </suite> <!-- Surefire suite -->
</testng-results>
